========================================================================================================================
Symbol Table: Global                                                             Parent: null
------------------------------------------------------------------------------------------------------------------------
Name           Type                     Category       Initial Value                 Size        Offset      Nested
------------------------------------------------------------------------------------------------------------------------
printStr       integer                  function                                     4           0           printStr
readInt        integer                  function                                     4           4           readInt
printInt       integer                  function                                     4           8           printInt
pow            integer                  function                                     4           12          pow
main           integer                  function                                     4           16          main
------------------------------------------------------------------------------------------------------------------------

========================================================================================================================
Symbol Table: printStr                                                           Parent: Global
------------------------------------------------------------------------------------------------------------------------
Name           Type                     Category       Initial Value                 Size        Offset      Nested
------------------------------------------------------------------------------------------------------------------------
c              ptr(char)                param                                        4           0           null
return         integer                  local                                        4           4           null
------------------------------------------------------------------------------------------------------------------------

========================================================================================================================
Symbol Table: readInt                                                            Parent: Global
------------------------------------------------------------------------------------------------------------------------
Name           Type                     Category       Initial Value                 Size        Offset      Nested
------------------------------------------------------------------------------------------------------------------------
ep             ptr(integer)             param                                        4           0           null
return         integer                  local                                        4           4           null
------------------------------------------------------------------------------------------------------------------------

========================================================================================================================
Symbol Table: printInt                                                           Parent: Global
------------------------------------------------------------------------------------------------------------------------
Name           Type                     Category       Initial Value                 Size        Offset      Nested
------------------------------------------------------------------------------------------------------------------------
i              integer                  param                                        4           0           null
return         integer                  local                                        4           4           null
------------------------------------------------------------------------------------------------------------------------

========================================================================================================================
Symbol Table: pow                                                                Parent: Global
------------------------------------------------------------------------------------------------------------------------
Name           Type                     Category       Initial Value                 Size        Offset      Nested
------------------------------------------------------------------------------------------------------------------------
a              integer                  param                                        4           0           null
b              integer                  param                                        4           4           null
return         integer                  local                                        4           8           null
ans            integer                  local                                        4           12          null
t00            integer                  temp           0                             4           16          null
t01            integer                  temp           1                             4           20          null
t02            integer                  temp                                         4           24          null
t03            integer                  temp           1                             4           28          null
t04            integer                  temp                                         4           32          null
pow            integer                  local                                        4           36          null
t05            integer                  temp           1                             4           40          null
t06            integer                  temp                                         4           44          null
t07            integer                  temp                                         4           48          null
t08            integer                  temp                                         4           52          null
t09            integer                  temp                                         4           56          null
------------------------------------------------------------------------------------------------------------------------

========================================================================================================================
Symbol Table: main                                                               Parent: Global
------------------------------------------------------------------------------------------------------------------------
Name           Type                     Category       Initial Value                 Size        Offset      Nested
------------------------------------------------------------------------------------------------------------------------
return         integer                  local                                        4           0           null
i              integer                  local                                        4           4           null
j              integer                  local          5                             4           8           null
t00            integer                  temp           5                             4           12          null
c              integer                  local                                        4           16          null
b              ptr(integer)             local                                        4           20          null
t01            ptr(integer)             temp                                         4           24          null
printStr       integer                  local                                        4           28          null
t02            ptr(char)                temp           "      ##########################################\n      ##                                      ##\n      ##         Recursive Function           ##\n      ##          POWER FUNCTION              ##\n      ##                                      ##\n      ##########################################\n      \n"4           32          null
t03            integer                  temp                                         4           36          null
t04            ptr(char)                temp           "      Enter the BASE     : " 4           40          null
t05            integer                  temp                                         4           44          null
readInt        integer                  local                                        4           48          null
t06            integer                  temp                                         4           52          null
t07            integer                  temp                                         4           56          null
t08            ptr(char)                temp           "      Enter the EXPONENT : " 4           60          null
t09            integer                  temp                                         4           64          null
t10            integer                  temp                                         4           68          null
t11            integer                  temp                                         4           72          null
pow            integer                  local                                        4           76          null
t12            integer                  temp                                         4           80          null
t13            integer                  temp                                         4           84          null
t14            ptr(char)                temp           "\n\n      The value of "     4           88          null
t15            integer                  temp                                         4           92          null
printInt       integer                  local                                        4           96          null
t16            integer                  temp                                         4           100         null
t17            ptr(char)                temp           "^"                           4           104         null
t18            integer                  temp                                         4           108         null
t19            integer                  temp                                         4           112         null
t20            ptr(char)                temp           " is : "                      4           116         null
t21            integer                  temp                                         4           120         null
t22            integer                  temp                                         4           124         null
t23            ptr(char)                temp           "\n"                          4           128         null
t24            integer                  temp                                         4           132         null
t25            integer                  temp           0                             4           136         null
------------------------------------------------------------------------------------------------------------------------

==============================
Quad Translation
------------------------------

pow: 

	1   :	t00 = 0
	2   :	if b == t00 goto 5
	3   :	goto 8
	4   :	goto 21
	5   :	t01 = 1
	6   :	ans = t01
	7   :	goto 21
	8   :	t03 = 1
	9   :	if b == t03 goto 12
	10  :	goto 14
	11  :	goto 21
	12  :	ans = a
	13  :	goto 21
	14  :	param a
	15  :	t05 = 1
	16  :	t06 = b - t05
	17  :	param t06
	18  :	t07 = call pow, 2
	19  :	t08 = a *t07
	20  :	ans = t08
	21  :	ret ans

main: 

	24  :	t00 = 5
	25  :	j = t00
	26  :	t01 = &c
	27  :	b = t01
	28  :	op
	29  :	param t02
	30  :	t03 = call printStr, 1
	31  :	op
	32  :	param t04
	33  :	t05 = call printStr, 1
	34  :	param b
	35  :	t06 = call readInt, 1
	36  :	i = t06
	37  :	op
	38  :	param t08
	39  :	t09 = call printStr, 1
	40  :	param b
	41  :	t10 = call readInt, 1
	42  :	j = t10
	43  :	param i
	44  :	param j
	45  :	t12 = call pow, 2
	46  :	c = t12
	47  :	op
	48  :	param t14
	49  :	t15 = call printStr, 1
	50  :	param i
	51  :	t16 = call printInt, 1
	52  :	op
	53  :	param t17
	54  :	t18 = call printStr, 1
	55  :	param j
	56  :	t19 = call printInt, 1
	57  :	op
	58  :	param t20
	59  :	t21 = call printStr, 1
	60  :	param c
	61  :	t22 = call printInt, 1
	62  :	op
	63  :	param t23
	64  :	t24 = call printStr, 1
	65  :	t25 = 0
	66  :	ret t25
------------------------------
