========================================================================================================================
Symbol Table: Global                                                             Parent: null
------------------------------------------------------------------------------------------------------------------------
Name           Type                     Category       Initial Value                 Size        Offset      Nested
------------------------------------------------------------------------------------------------------------------------
printInt       integer                  function                                     4           0           printInt
printStr       integer                  function                                     4           4           printStr
readInt        integer                  function                                     4           8           readInt
main           integer                  function                                     4           12          main
------------------------------------------------------------------------------------------------------------------------

========================================================================================================================
Symbol Table: printInt                                                           Parent: Global
------------------------------------------------------------------------------------------------------------------------
Name           Type                     Category       Initial Value                 Size        Offset      Nested
------------------------------------------------------------------------------------------------------------------------
num            integer                  param                                        4           0           null
return         integer                  local                                        4           4           null
------------------------------------------------------------------------------------------------------------------------

========================================================================================================================
Symbol Table: printStr                                                           Parent: Global
------------------------------------------------------------------------------------------------------------------------
Name           Type                     Category       Initial Value                 Size        Offset      Nested
------------------------------------------------------------------------------------------------------------------------
c              ptr(char)                param                                        4           0           null
return         integer                  local                                        4           4           null
------------------------------------------------------------------------------------------------------------------------

========================================================================================================================
Symbol Table: readInt                                                            Parent: Global
------------------------------------------------------------------------------------------------------------------------
Name           Type                     Category       Initial Value                 Size        Offset      Nested
------------------------------------------------------------------------------------------------------------------------
eP             ptr(integer)             param                                        4           0           null
return         integer                  local                                        4           4           null
------------------------------------------------------------------------------------------------------------------------

========================================================================================================================
Symbol Table: main                                                               Parent: Global
------------------------------------------------------------------------------------------------------------------------
Name           Type                     Category       Initial Value                 Size        Offset      Nested
------------------------------------------------------------------------------------------------------------------------
return         integer                  local                                        4           0           null
a              integer                  local                                        4           4           null
b              integer                  local                                        4           8           null
e              ptr(integer)             local                                        4           12          null
printStr       integer                  local                                        4           16          null
t00            ptr(char)                temp           "\n        ######################################################\n        ##                                                  ##\n        ##         Print first 20 natural numbers           ##\n        ##                   (LOOP)                         ##\n        ##                                                  ##\n        ######################################################\n\n"4           20          null
t01            integer                  temp                                         4           24          null
t02            integer                  temp           1                             4           28          null
t03            integer                  temp                                         4           32          null
t04            ptr(integer)             temp                                         4           36          null
t05            ptr(null)                temp                                         4           40          null
t06            ptr(char)                temp           "        "                    4           44          null
t07            integer                  temp                                         4           48          null
t08            integer                  temp           0                             4           52          null
t09            integer                  temp                                         4           56          null
t10            integer                  temp           20                            4           60          null
t11            integer                  temp                                         4           64          null
printInt       integer                  local                                        4           68          null
t12            integer                  temp                                         4           72          null
t13            ptr(char)                temp           " "                           4           76          null
t14            integer                  temp                                         4           80          null
t15            integer                  temp           1                             4           84          null
t16            integer                  temp                                         4           88          null
t17            integer                  temp                                         4           92          null
t18            integer                  temp           0                             4           96          null
------------------------------------------------------------------------------------------------------------------------

==============================
Quad Translation
------------------------------

main: 

	1   :	op
	2   :	param t00
	3   :	t01 = call printStr, 1
	4   :	t02 = 1
	5   :	b = t02
	6   :	t04 = &b
	7   :	e = t04
	8   :	op
	9   :	param t06
	10  :	t07 = call printStr, 1
	11  :	t08 = 0
	12  :	a = t08
	13  :	t10 = 20
	14  :	if a<t10 goto 19
	15  :	goto 28
	16  :	t11 = a
	17  :	a = a + 1
	18  :	goto 13
	19  :	param b
	20  :	t12 = call printInt, 1
	21  :	op
	22  :	param t13
	23  :	t14 = call printStr, 1
	24  :	t15 = 1
	25  :	t16 = b + t15
	26  :	b = t16
	27  :	goto 16
	28  :	t18 = 0
	29  :	ret t18
------------------------------
